<?xml version="1.0" encoding="UTF-8"?>
<testsuite name="TableShould" tests="9" skipped="0" failures="0" errors="0" timestamp="2020-01-02T15:10:49" hostname="admins-MacBook-Pro.local" time="0.006">
  <properties/>
  <testcase name="work_when_vectors_contain_zeros_as_starting_elements" classname="TableShould" time="0.003"/>
  <testcase name="work_when_vectors_share_size_and_no_element_values_are_repeated" classname="TableShould" time="0.0"/>
  <testcase name="work_when_vectors_share_size_and_multiple_element_values_are_repeated" classname="TableShould" time="0.0"/>
  <testcase name="work_when_vectors_share_size_but_no_element_values_are_repeated" classname="TableShould" time="0.0"/>
  <testcase name="work_when_vector_size_differs_and_one_element_is_repeated" classname="TableShould" time="0.0"/>
  <testcase name="work_when_vector_size_differs_and_multiple_element_values_are_repeated" classname="TableShould" time="0.0"/>
  <testcase name="work_when_vectors_share_size_and_element_values" classname="TableShould" time="0.0"/>
  <testcase name="work_when_vector_size_differs_and_no_element_values_are_repeated" classname="TableShould" time="0.0"/>
  <testcase name="meh_work_when_vectors_contain_zeros_as_starting_elements" classname="TableShould" time="0.0"/>
  <system-out><![CDATA[]]></system-out>
  <system-err><![CDATA[]]></system-err>
</testsuite>
