<?xml version="1.0" encoding="UTF-8"?>
<testsuite name="QueueSortShould" tests="1" skipped="0" failures="0" errors="0" timestamp="2019-12-17T09:16:07" hostname="admins-MacBook-Pro.local" time="0.003">
  <properties/>
  <testcase name="ensure_it_adds_one_person_to_the_list" classname="QueueSortShould" time="0.003"/>
  <system-out><![CDATA[]]></system-out>
  <system-err><![CDATA[]]></system-err>
</testsuite>
