<?xml version="1.0" encoding="UTF-8"?>
<testsuite name="MarsRoverShould" tests="1" skipped="0" failures="0" errors="0" timestamp="2020-02-06T10:50:34" hostname="admins-MBP.office" time="0.003">
  <properties/>
  <testcase name="default_to_00N_as_initial_position" classname="MarsRoverShould" time="0.003"/>
  <system-out><![CDATA[]]></system-out>
  <system-err><![CDATA[]]></system-err>
</testsuite>
